<?xml version="1.0" encoding="UTF-8"?>
<!-- Generated by org.testng.reporters.JUnitReportReporter -->
<testsuite hostname="LAPTOP-DU5QVFUI" failures="0" tests="1" name="testng.basic1" time="0.001" errors="0" timestamp="2022-11-21T11:34:18 IST" skipped="0">
  <testcase classname="testng.basic1" name="demo3" time="0.001"/>
  <system-out/>
</testsuite> <!-- testng.basic1 -->
