<?xml version="1.0" encoding="UTF-8"?>
<!-- Generated by org.testng.reporters.JUnitReportReporter -->
<testsuite hostname="LAPTOP-DU5QVFUI" failures="0" tests="3" name="testng.basic2" time="0.002" errors="0" timestamp="2022-11-21T11:33:34 IST" skipped="0">
  <testcase classname="testng.basic2" name="webLoginHomeLoan" time="0.001"/>
  <system-out/>
  <testcase classname="testng.basic2" name="webLoginMobileLoan" time="0.000"/>
  <system-out/>
  <testcase classname="testng.basic2" name="webLoginCarLoan" time="0.001"/>
  <system-out/>
</testsuite> <!-- testng.basic2 -->
