<?xml version="1.0" encoding="UTF-8"?>
<!-- Generated by org.testng.reporters.JUnitReportReporter -->
<testsuite hostname="LAPTOP-DU5QVFUI" failures="0" tests="3" name="testng.basic3" time="0.001" errors="0" timestamp="2022-11-21T11:34:18 IST" skipped="0">
  <testcase classname="testng.basic3" name="mobileLoginCarLoan" time="0.001"/>
  <system-out/>
  <testcase classname="testng.basic3" name="webLoginCarLoan" time="0.000"/>
  <system-out/>
  <testcase classname="testng.basic3" name="APILoginCarLoan" time="0.000"/>
  <system-out/>
</testsuite> <!-- testng.basic3 -->
