<?xml version="1.0" encoding="UTF-8"?>
<!-- Generated by org.testng.reporters.JUnitReportReporter -->
<testsuite hostname="LAPTOP-DU5QVFUI" failures="0" tests="2" name="testng.basic" time="0.005" errors="0" timestamp="2022-11-21T11:34:18 IST" skipped="0">
  <testcase classname="testng.basic" name="Demo" time="0.005"/>
  <system-out/>
  <testcase classname="testng.basic" name="Demo1" time="0.000"/>
  <system-out/>
</testsuite> <!-- testng.basic -->
